Log file open, 07/26/19 23:45:16
LogWindows: Failed to load 'aqProf.dll' (GetLastError=126)
LogWindows: File 'aqProf.dll' does not exist
LogWindows: Failed to load 'VtuneApi.dll' (GetLastError=126)
LogWindows: File 'VtuneApi.dll' does not exist
LogWindows: Failed to load 'VtuneApi32e.dll' (GetLastError=126)
LogWindows: File 'VtuneApi32e.dll' does not exist
LogConsoleResponse: Display: Failed to find resolution value strings in scalability ini. Falling back to default.
LogInit: Display: Running engine for game: Nivel_1
LogPakFile: Registered encryption key '00000000000000000000000000000000': 0 pak files mounted, 0 remain pending
LogPlatformFile: Not using cached read wrapper
LogTaskGraph: Started task graph with 5 named threads and 35 total threads with 3 sets of task threads.
LogStats: Stats thread started at 0.404975
LogD3D11RHI: Loaded GFSDK_Aftermath_Lib.x64.dll
LogICUInternationalization: ICU TimeZone Detection - Raw Offset: -3:00, Platform Override: ''
LogPluginManager: Mounting plugin Paper2D
LogPluginManager: Mounting plugin AISupport
LogPluginManager: Mounting plugin LightPropagationVolume
LogPluginManager: Mounting plugin ActorLayerUtilities
LogPluginManager: Mounting plugin AnimationSharing
LogPluginManager: Mounting plugin CLionSourceCodeAccess
LogPluginManager: Mounting plugin CodeLiteSourceCodeAccess
LogPluginManager: Mounting plugin GitSourceControl
LogPluginManager: Mounting plugin KDevelopSourceCodeAccess
LogPluginManager: Mounting plugin NullSourceCodeAccess
LogPluginManager: Mounting plugin PerforceSourceControl
LogPluginManager: Mounting plugin SubversionSourceControl
LogPluginManager: Mounting plugin UObjectPlugin
LogPluginManager: Mounting plugin VisualStudioCodeSourceCodeAccess
LogPluginManager: Mounting plugin VisualStudioSourceCodeAccess
LogPluginManager: Mounting plugin XCodeSourceCodeAccess
LogPluginManager: Mounting plugin AssetManagerEditor
LogPluginManager: Mounting plugin CryptoKeys
LogPluginManager: Mounting plugin DataValidation
LogPluginManager: Mounting plugin FacialAnimation
LogPluginManager: Mounting plugin GameplayTagsEditor
LogPluginManager: Mounting plugin MacGraphicsSwitching
LogPluginManager: Mounting plugin MaterialAnalyzer
LogPluginManager: Mounting plugin MobileLauncherProfileWizard
LogPluginManager: Mounting plugin PluginBrowser
LogPluginManager: Mounting plugin SpeedTreeImporter
LogPluginManager: Mounting plugin DatasmithContent
LogPluginManager: Mounting plugin VariantManagerContent
LogPluginManager: Mounting plugin AlembicImporter
LogPluginManager: Mounting plugin AppleImageUtils
LogPluginManager: Mounting plugin AppleVision
LogPluginManager: Mounting plugin BackChannel
LogPluginManager: Mounting plugin CharacterAI
LogPluginManager: Mounting plugin GeometryCache
LogPluginManager: Mounting plugin HTML5Networking
LogPluginManager: Mounting plugin ProxyLODPlugin
LogPluginManager: Mounting plugin SkeletalReduction
LogPluginManager: Mounting plugin MagicLeap
LogPluginManager: Mounting plugin MagicLeapMedia
LogPluginManager: Mounting plugin AndroidMedia
LogPluginManager: Mounting plugin AvfMedia
LogPluginManager: Mounting plugin ImgMedia
LogPluginManager: Mounting plugin LinearTimecode
LogPluginManager: Mounting plugin MediaCompositing
LogPluginManager: Mounting plugin MediaPlayerEditor
LogPluginManager: Mounting plugin WebMMedia
LogPluginManager: Mounting plugin WmfMedia
LogPluginManager: Mounting plugin TcpMessaging
LogPluginManager: Mounting plugin UdpMessaging
LogPluginManager: Mounting plugin ActorSequence
LogPluginManager: Mounting plugin LevelSequenceEditor
LogPluginManager: Mounting plugin MatineeToLevelSequence
LogPluginManager: Mounting plugin NetcodeUnitTest
LogPluginManager: Mounting plugin NUTUnrealEngine4
LogPluginManager: Mounting plugin OnlineSubsystemGooglePlay
LogPluginManager: Mounting plugin OnlineSubsystemIOS
LogPluginManager: Mounting plugin OnlineSubsystem
LogPluginManager: Mounting plugin OnlineSubsystemNull
LogPluginManager: Mounting plugin OnlineSubsystemUtils
LogPluginManager: Mounting plugin LauncherChunkInstaller
LogPluginManager: Mounting plugin AndroidDeviceProfileSelector
LogPluginManager: Mounting plugin AndroidMoviePlayer
LogPluginManager: Mounting plugin AndroidPermission
LogPluginManager: Mounting plugin AppleMoviePlayer
LogPluginManager: Mounting plugin ArchVisCharacter
LogPluginManager: Mounting plugin AudioCapture
LogPluginManager: Mounting plugin CableComponent
LogPluginManager: Mounting plugin CustomMeshComponent
LogPluginManager: Mounting plugin EditableMesh
LogPluginManager: Mounting plugin ExampleDeviceProfileSelector
LogPluginManager: Mounting plugin Firebase
LogPluginManager: Mounting plugin GoogleCloudMessaging
LogPluginManager: Mounting plugin IOSDeviceProfileSelector
LogPluginManager: Mounting plugin LinuxDeviceProfileSelector
LogPluginManager: Mounting plugin LocationServicesBPLibrary
LogPluginManager: Mounting plugin MobilePatchingUtils
LogPluginManager: Mounting plugin OculusVR
LogPluginManager: Mounting plugin PhysXVehicles
LogPluginManager: Mounting plugin ProceduralMeshComponent
LogPluginManager: Mounting plugin RuntimePhysXCooking
LogPluginManager: Mounting plugin SignificanceManager
LogPluginManager: Mounting plugin SteamVR
LogPluginManager: Mounting plugin WebMMoviePlayer
LogPluginManager: Mounting plugin WindowsMoviePlayer
LogInit: Using libcurl 7.55.1-DEV
LogInit:  - built for x86_64-pc-win32
LogInit:  - supports SSL with OpenSSL/1.1.1
LogInit:  - supports HTTP deflate (compression) using libz 1.2.8
LogInit:  - other features:
LogInit:      CURL_VERSION_SSL
LogInit:      CURL_VERSION_LIBZ
LogInit:      CURL_VERSION_IPV6
LogInit:      CURL_VERSION_ASYNCHDNS
LogInit:      CURL_VERSION_LARGEFILE
LogInit:      CURL_VERSION_IDN
LogInit:  CurlRequestOptions (configurable via config and command line):
LogInit:  - bVerifyPeer = true  - Libcurl will verify peer certificate
LogInit:  - bUseHttpProxy = false  - Libcurl will NOT use HTTP proxy
LogInit:  - bDontReuseConnections = false  - Libcurl will reuse connections
LogInit:  - MaxHostConnections = 16  - Libcurl will limit the number of connections to a host
LogInit:  - LocalHostAddr = Default
LogInit:  - BufferSize = 65536
LogInit: WinSock: version 1.1 (2.2), MaxSocks=32767, MaxUdp=65467
LogInit: Build: ++UE4+Release-4.22-CL-7053642
LogInit: Engine Version: 4.22.3-7053642+++UE4+Release-4.22
LogInit: Compatible Engine Version: 4.22.0-5660361+++UE4+Release-4.22
LogInit: Net CL: 5660361
LogInit: OS: Windows 10 (Release 1803) (), CPU: AMD Ryzen 5 2600 Six-Core Processor            , GPU: Radeon RX Vega
LogInit: Compiled (64-bit): Jun 18 2019 03:09:11
LogInit: Compiled with Visual C++: 19.16.27025.01
LogInit: Build Configuration: Development
LogInit: Branch Name: ++UE4+Release-4.22
LogInit: Command Line: 
LogInit: Base Directory: D:/Program Files (x86)/Epic Games/UE_4.22/Engine/Binaries/Win64/
LogInit: Installed Engine Build: 1
LogDevObjectVersion: Number of dev versions registered: 23
LogDevObjectVersion:   Dev-Blueprints (B0D832E4-1F89-4F0D-ACCF-7EB736FD4AA2): 10
LogDevObjectVersion:   Dev-Build (E1C64328-A22C-4D53-A36C-8E866417BD8C): 0
LogDevObjectVersion:   Dev-Core (375EC13C-06E4-48FB-B500-84F0262A717E): 3
LogDevObjectVersion:   Dev-Editor (E4B068ED-F494-42E9-A231-DA0B2E46BB41): 30
LogDevObjectVersion:   Dev-Framework (CFFC743F-43B0-4480-9391-14DF171D2073): 35
LogDevObjectVersion:   Dev-Mobile (B02B49B5-BB20-44E9-A304-32B752E40360): 2
LogDevObjectVersion:   Dev-Networking (A4E4105C-59A1-49B5-A7C5-40C4547EDFEE): 0
LogDevObjectVersion:   Dev-Online (39C831C9-5AE6-47DC-9A44-9C173E1C8E7C): 0
LogDevObjectVersion:   Dev-Physics (78F01B33-EBEA-4F98-B9B4-84EACCB95AA2): 0
LogDevObjectVersion:   Dev-Platform (6631380F-2D4D-43E0-8009-CF276956A95A): 0
LogDevObjectVersion:   Dev-Rendering (12F88B9F-8875-4AFC-A67C-D90C383ABD29): 28
LogDevObjectVersion:   Dev-Sequencer (7B5AE74C-D270-4C10-A958-57980B212A5A): 11
LogDevObjectVersion:   Dev-VR (D7296918-1DD6-4BDD-9DE2-64A83CC13884): 2
LogDevObjectVersion:   Dev-LoadTimes (C2A15278-BFE7-4AFE-6C17-90FF531DF755): 1
LogDevObjectVersion:   Private-Geometry (6EACA3D4-40EC-4CC1-B786-8BED09428FC5): 3
LogDevObjectVersion:   Dev-AnimPhys (29E575DD-E0A3-4627-9D10-D276232CDCEA): 17
LogDevObjectVersion:   Dev-Anim (AF43A65D-7FD3-4947-9873-3E8ED9C1BB05): 2
LogDevObjectVersion:   Dev-ReflectionCapture (6B266CEC-1EC7-4B8F-A30B-E4D90942FC07): 1
LogDevObjectVersion:   Dev-Automation (0DF73D61-A23F-47EA-B727-89E90C41499A): 1
LogDevObjectVersion:   FortniteMain (601D1886-AC64-4F84-AA16-D3DE0DEAC7D6): 25
LogDevObjectVersion:   Dev-Enterprise (9DFFBCD6-494F-0158-E221-12823C92A888): 6
LogDevObjectVersion:   Dev-Niagara (F2AED0AC-9AFE-416F-8664-AA7FFA26D6FC): 1
LogDevObjectVersion:   Dev-Destruction (174F1F0B-B4C6-45A5-B13F-2EE8D0FB917D): 2
LogInit: Presizing for max 16777216 objects, including 0 objects not considered by GC, pre-allocating 0 bytes for permanent pool.
LogInit: Object subsystem initialized
LogConfig: Setting CVar [[con.DebugEarlyDefault:1]]
LogConfig: Setting CVar [[r.setres:1280x720]]
[2019.07.27-02.45.17:117][  0]LogConfig: Setting CVar [[r.VSync:0]]
[2019.07.27-02.45.17:117][  0]LogConfig: Setting CVar [[r.RHICmdBypass:0]]
[2019.07.27-02.45.17:117][  0]LogConfig: Applying CVar settings from Section [/Script/Engine.RendererSettings] File [C:/Users/Galar/Desktop/Repos Git/Proyecto_1/Nivel_1/Saved/Config/Windows/Engine.ini]
[2019.07.27-02.45.17:117][  0]LogConfig: Setting CVar [[r.GPUCrashDebugging:0]]
[2019.07.27-02.45.17:117][  0]LogConfig: Setting CVar [[r.DefaultFeature.AutoExposure.ExtendDefaultLuminanceRange:1]]
[2019.07.27-02.45.17:118][  0]LogConfig: Applying CVar settings from Section [/Script/Engine.RendererOverrideSettings] File [C:/Users/Galar/Desktop/Repos Git/Proyecto_1/Nivel_1/Saved/Config/Windows/Engine.ini]
[2019.07.27-02.45.17:118][  0]LogConfig: Applying CVar settings from Section [/Script/Engine.StreamingSettings] File [C:/Users/Galar/Desktop/Repos Git/Proyecto_1/Nivel_1/Saved/Config/Windows/Engine.ini]
[2019.07.27-02.45.17:118][  0]LogConfig: Setting CVar [[s.MinBulkDataSizeForAsyncLoading:131072]]
[2019.07.27-02.45.17:118][  0]LogConfig: Setting CVar [[s.AsyncLoadingThreadEnabled:0]]
[2019.07.27-02.45.17:118][  0]LogConfig: Setting CVar [[s.EventDrivenLoaderEnabled:1]]
[2019.07.27-02.45.17:118][  0]LogConfig: Setting CVar [[s.WarnIfTimeLimitExceeded:0]]
[2019.07.27-02.45.17:118][  0]LogConfig: Setting CVar [[s.TimeLimitExceededMultiplier:1.5]]
[2019.07.27-02.45.17:118][  0]LogConfig: Setting CVar [[s.TimeLimitExceededMinTime:0.005]]
[2019.07.27-02.45.17:118][  0]LogConfig: Setting CVar [[s.UseBackgroundLevelStreaming:1]]
[2019.07.27-02.45.17:118][  0]LogConfig: Setting CVar [[s.PriorityAsyncLoadingExtraTime:15.0]]
[2019.07.27-02.45.17:118][  0]LogConfig: Setting CVar [[s.LevelStreamingActorsUpdateTimeLimit:5.0]]
[2019.07.27-02.45.17:118][  0]LogConfig: Setting CVar [[s.PriorityLevelStreamingActorsUpdateExtraTime:5.0]]
[2019.07.27-02.45.17:118][  0]LogConfig: Setting CVar [[s.LevelStreamingComponentsRegistrationGranularity:10]]
[2019.07.27-02.45.17:118][  0]LogConfig: Setting CVar [[s.UnregisterComponentsTimeLimit:1.0]]
[2019.07.27-02.45.17:118][  0]LogConfig: Setting CVar [[s.LevelStreamingComponentsUnregistrationGranularity:5]]
[2019.07.27-02.45.17:118][  0]LogConfig: Applying CVar settings from Section [/Script/Engine.GarbageCollectionSettings] File [C:/Users/Galar/Desktop/Repos Git/Proyecto_1/Nivel_1/Saved/Config/Windows/Engine.ini]
[2019.07.27-02.45.17:118][  0]LogConfig: Setting CVar [[gc.MaxObjectsNotConsideredByGC:1]]
[2019.07.27-02.45.17:118][  0]LogConfig: Setting CVar [[gc.SizeOfPermanentObjectPool:0]]
[2019.07.27-02.45.17:118][  0]LogConfig: Setting CVar [[gc.FlushStreamingOnGC:0]]
[2019.07.27-02.45.17:118][  0]LogConfig: Setting CVar [[gc.NumRetriesBeforeForcingGC:10]]
[2019.07.27-02.45.17:118][  0]LogConfig: Setting CVar [[gc.AllowParallelGC:1]]
[2019.07.27-02.45.17:118][  0]LogConfig: Setting CVar [[gc.TimeBetweenPurgingPendingKillObjects:61.1]]
[2019.07.27-02.45.17:118][  0]LogConfig: Setting CVar [[gc.MaxObjectsInEditor:16777216]]
[2019.07.27-02.45.17:118][  0]LogConfig: Setting CVar [[gc.IncrementalBeginDestroyEnabled:1]]
[2019.07.27-02.45.17:118][  0]LogConfig: Setting CVar [[gc.CreateGCClusters:1]]
[2019.07.27-02.45.17:118][  0]LogConfig: Setting CVar [[gc.MinGCClusterSize:5]]
[2019.07.27-02.45.17:118][  0]LogConfig: Setting CVar [[gc.ActorClusteringEnabled:0]]
[2019.07.27-02.45.17:118][  0]LogConfig: Setting CVar [[gc.BlueprintClusteringEnabled:0]]
[2019.07.27-02.45.17:118][  0]LogConfig: Setting CVar [[gc.UseDisregardForGCOnDedicatedServers:0]]
[2019.07.27-02.45.17:118][  0]LogConfig: Applying CVar settings from Section [/Script/Engine.NetworkSettings] File [C:/Users/Galar/Desktop/Repos Git/Proyecto_1/Nivel_1/Saved/Config/Windows/Engine.ini]
[2019.07.27-02.45.17:118][  0]LogConfig: Applying CVar settings from Section [/Script/UnrealEd.CookerSettings] File [C:/Users/Galar/Desktop/Repos Git/Proyecto_1/Nivel_1/Saved/Config/Windows/Engine.ini]
[2019.07.27-02.45.17:121][  0]LogConfig: Applying CVar settings from Section [ViewDistanceQuality@3] File [C:/Users/Galar/Desktop/Repos Git/Proyecto_1/Nivel_1/Saved/Config/Windows/Scalability.ini]
[2019.07.27-02.45.17:121][  0]LogConfig: Setting CVar [[r.SkeletalMeshLODBias:0]]
[2019.07.27-02.45.17:121][  0]LogConfig: Setting CVar [[r.ViewDistanceScale:1.0]]
[2019.07.27-02.45.17:121][  0]LogConfig: Applying CVar settings from Section [AntiAliasingQuality@3] File [C:/Users/Galar/Desktop/Repos Git/Proyecto_1/Nivel_1/Saved/Config/Windows/Scalability.ini]
[2019.07.27-02.45.17:121][  0]LogConfig: Setting CVar [[r.PostProcessAAQuality:4]]
[2019.07.27-02.45.17:121][  0]LogConfig: Applying CVar settings from Section [ShadowQuality@3] File [C:/Users/Galar/Desktop/Repos Git/Proyecto_1/Nivel_1/Saved/Config/Windows/Scalability.ini]
[2019.07.27-02.45.17:121][  0]LogConfig: Setting CVar [[r.LightFunctionQuality:1]]
[2019.07.27-02.45.17:121][  0]LogConfig: Setting CVar [[r.ShadowQuality:5]]
[2019.07.27-02.45.17:121][  0]LogConfig: Setting CVar [[r.Shadow.CSM.MaxCascades:10]]
[2019.07.27-02.45.17:121][  0]LogConfig: Setting CVar [[r.Shadow.MaxResolution:2048]]
[2019.07.27-02.45.17:121][  0]LogConfig: Setting CVar [[r.Shadow.MaxCSMResolution:2048]]
[2019.07.27-02.45.17:121][  0]LogConfig: Setting CVar [[r.Shadow.RadiusThreshold:0.01]]
[2019.07.27-02.45.17:121][  0]LogConfig: Setting CVar [[r.Shadow.DistanceScale:1.0]]
[2019.07.27-02.45.17:121][  0]LogConfig: Setting CVar [[r.Shadow.CSM.TransitionScale:1.0]]
[2019.07.27-02.45.17:121][  0]LogConfig: Setting CVar [[r.Shadow.PreShadowResolutionFactor:1.0]]
[2019.07.27-02.45.17:121][  0]LogConfig: Setting CVar [[r.DistanceFieldShadowing:1]]
[2019.07.27-02.45.17:121][  0]LogConfig: Setting CVar [[r.DistanceFieldAO:1]]
[2019.07.27-02.45.17:121][  0]LogConfig: Setting CVar [[r.AOQuality:2]]
[2019.07.27-02.45.17:121][  0]LogConfig: Setting CVar [[r.VolumetricFog:1]]
[2019.07.27-02.45.17:121][  0]LogConfig: Setting CVar [[r.VolumetricFog.GridPixelSize:8]]
[2019.07.27-02.45.17:121][  0]LogConfig: Setting CVar [[r.VolumetricFog.GridSizeZ:128]]
[2019.07.27-02.45.17:121][  0]LogConfig: Setting CVar [[r.VolumetricFog.HistoryMissSupersampleCount:4]]
[2019.07.27-02.45.17:121][  0]LogConfig: Setting CVar [[r.LightMaxDrawDistanceScale:1]]
[2019.07.27-02.45.17:121][  0]LogConfig: Setting CVar [[r.CapsuleShadows:1]]
[2019.07.27-02.45.17:121][  0]LogConfig: Applying CVar settings from Section [PostProcessQuality@3] File [C:/Users/Galar/Desktop/Repos Git/Proyecto_1/Nivel_1/Saved/Config/Windows/Scalability.ini]
[2019.07.27-02.45.17:121][  0]LogConfig: Setting CVar [[r.MotionBlurQuality:4]]
[2019.07.27-02.45.17:121][  0]LogConfig: Setting CVar [[r.AmbientOcclusionMipLevelFactor:0.4]]
[2019.07.27-02.45.17:121][  0]LogConfig: Setting CVar [[r.AmbientOcclusionMaxQuality:100]]
[2019.07.27-02.45.17:121][  0]LogConfig: Setting CVar [[r.AmbientOcclusionLevels:-1]]
[2019.07.27-02.45.17:121][  0]LogConfig: Setting CVar [[r.AmbientOcclusionRadiusScale:1.0]]
[2019.07.27-02.45.17:121][  0]LogConfig: Setting CVar [[r.DepthOfFieldQuality:2]]
[2019.07.27-02.45.17:121][  0]LogConfig: Setting CVar [[r.RenderTargetPoolMin:400]]
[2019.07.27-02.45.17:121][  0]LogConfig: Setting CVar [[r.LensFlareQuality:2]]
[2019.07.27-02.45.17:121][  0]LogConfig: Setting CVar [[r.SceneColorFringeQuality:1]]
[2019.07.27-02.45.17:121][  0]LogConfig: Setting CVar [[r.EyeAdaptationQuality:2]]
[2019.07.27-02.45.17:121][  0]LogConfig: Setting CVar [[r.BloomQuality:5]]
[2019.07.27-02.45.17:121][  0]LogConfig: Setting CVar [[r.FastBlurThreshold:100]]
[2019.07.27-02.45.17:121][  0]LogConfig: Setting CVar [[r.Upscale.Quality:3]]
[2019.07.27-02.45.17:121][  0]LogConfig: Setting CVar [[r.Tonemapper.GrainQuantization:1]]
[2019.07.27-02.45.17:121][  0]LogConfig: Setting CVar [[r.LightShaftQuality:1]]
[2019.07.27-02.45.17:121][  0]LogConfig: Setting CVar [[r.Filter.SizeScale:1]]
[2019.07.27-02.45.17:121][  0]LogConfig: Setting CVar [[r.Tonemapper.Quality:5]]
[2019.07.27-02.45.17:121][  0]LogConfig: Setting CVar [[r.DOF.Gather.AccumulatorQuality:1        ; higher gathering accumulator quality]]
[2019.07.27-02.45.17:121][  0]LogConfig: Setting CVar [[r.DOF.Gather.PostfilterMethod:1          ; Median3x3 postfilering method]]
[2019.07.27-02.45.17:121][  0]LogConfig: Setting CVar [[r.DOF.Gather.EnableBokehSettings:0       ; no bokeh simulation when gathering]]
[2019.07.27-02.45.17:121][  0]LogConfig: Setting CVar [[r.DOF.Gather.RingCount:4                 ; medium number of samples when gathering]]
[2019.07.27-02.45.17:121][  0]LogConfig: Setting CVar [[r.DOF.Scatter.ForegroundCompositing:1    ; additive foreground scattering]]
[2019.07.27-02.45.17:121][  0]LogConfig: Setting CVar [[r.DOF.Scatter.BackgroundCompositing:2    ; additive background scattering]]
[2019.07.27-02.45.17:121][  0]LogConfig: Setting CVar [[r.DOF.Scatter.EnableBokehSettings:1      ; bokeh simulation when scattering]]
[2019.07.27-02.45.17:121][  0]LogConfig: Setting CVar [[r.DOF.Scatter.MaxSpriteRatio:0.1         ; only a maximum of 10% of scattered bokeh]]
[2019.07.27-02.45.17:121][  0]LogConfig: Setting CVar [[r.DOF.Recombine.Quality:1                ; cheap slight out of focus]]
[2019.07.27-02.45.17:122][  0]LogConfig: Setting CVar [[r.DOF.Recombine.EnableBokehSettings:0    ; no bokeh simulation on slight out of focus]]
[2019.07.27-02.45.17:122][  0]LogConfig: Setting CVar [[r.DOF.TemporalAAQuality:1                ; more stable temporal accumulation]]
[2019.07.27-02.45.17:122][  0]LogConfig: Setting CVar [[r.DOF.Kernel.MaxForegroundRadius:0.025]]
[2019.07.27-02.45.17:122][  0]LogConfig: Setting CVar [[r.DOF.Kernel.MaxBackgroundRadius:0.025]]
[2019.07.27-02.45.17:122][  0]LogConfig: Applying CVar settings from Section [TextureQuality@3] File [C:/Users/Galar/Desktop/Repos Git/Proyecto_1/Nivel_1/Saved/Config/Windows/Scalability.ini]
[2019.07.27-02.45.17:122][  0]LogConfig: Setting CVar [[r.Streaming.MipBias:0]]
[2019.07.27-02.45.17:122][  0]LogConfig: Setting CVar [[r.Streaming.AmortizeCPUToGPUCopy:0]]
[2019.07.27-02.45.17:122][  0]LogConfig: Setting CVar [[r.Streaming.MaxNumTexturesToStreamPerFrame:0]]
[2019.07.27-02.45.17:122][  0]LogConfig: Setting CVar [[r.Streaming.Boost:1]]
[2019.07.27-02.45.17:122][  0]LogConfig: Setting CVar [[r.MaxAnisotropy:8]]
[2019.07.27-02.45.17:122][  0]LogConfig: Setting CVar [[r.Streaming.LimitPoolSizeToVRAM:0]]
[2019.07.27-02.45.17:122][  0]LogConfig: Setting CVar [[r.Streaming.PoolSize:1000]]
[2019.07.27-02.45.17:122][  0]LogConfig: Setting CVar [[r.Streaming.MaxEffectiveScreenSize:0]]
[2019.07.27-02.45.17:122][  0]LogConfig: Applying CVar settings from Section [EffectsQuality@3] File [C:/Users/Galar/Desktop/Repos Git/Proyecto_1/Nivel_1/Saved/Config/Windows/Scalability.ini]
[2019.07.27-02.45.17:122][  0]LogConfig: Setting CVar [[r.TranslucencyLightingVolumeDim:64]]
[2019.07.27-02.45.17:122][  0]LogConfig: Setting CVar [[r.RefractionQuality:2]]
[2019.07.27-02.45.17:122][  0]LogConfig: Setting CVar [[r.SSR.Quality:3]]
[2019.07.27-02.45.17:122][  0]LogConfig: Setting CVar [[r.SceneColorFormat:4]]
[2019.07.27-02.45.17:122][  0]LogConfig: Setting CVar [[r.DetailMode:2]]
[2019.07.27-02.45.17:122][  0]LogConfig: Setting CVar [[r.TranslucencyVolumeBlur:1]]
[2019.07.27-02.45.17:122][  0]LogConfig: Setting CVar [[r.MaterialQualityLevel:1 ; High quality]]
[2019.07.27-02.45.17:122][  0]LogConfig: Setting CVar [[r.SSS.Scale:1]]
[2019.07.27-02.45.17:122][  0]LogConfig: Setting CVar [[r.SSS.SampleSet:2]]
[2019.07.27-02.45.17:122][  0]LogConfig: Setting CVar [[r.SSS.Quality:1]]
[2019.07.27-02.45.17:122][  0]LogConfig: Setting CVar [[r.SSS.HalfRes:1]]
[2019.07.27-02.45.17:122][  0]LogConfig: Setting CVar [[r.EmitterSpawnRateScale:1.0]]
[2019.07.27-02.45.17:122][  0]LogConfig: Setting CVar [[r.ParticleLightQuality:2]]
[2019.07.27-02.45.17:122][  0]LogConfig: Applying CVar settings from Section [FoliageQuality@3] File [C:/Users/Galar/Desktop/Repos Git/Proyecto_1/Nivel_1/Saved/Config/Windows/Scalability.ini]
[2019.07.27-02.45.17:122][  0]LogConfig: Setting CVar [[foliage.DensityScale:1.0]]
[2019.07.27-02.45.17:122][  0]LogConfig: Setting CVar [[grass.DensityScale:1.0]]
[2019.07.27-02.45.17:123][  0]LogInit: Selected Device Profile: [Windows]
[2019.07.27-02.45.17:123][  0]LogInit: Applying CVar settings loaded from the selected device profile: [Windows]
[2019.07.27-02.45.17:149][  0]LogHAL: Display: Platform has ~ 8 GB [8518365184 / 8589934592 / 8], which maps to Default [LargestMinGB=32, LargerMinGB=12, DefaultMinGB=8, SmallerMinGB=6, SmallestMinGB=0)
[2019.07.27-02.45.17:149][  0]LogConfig: Setting CVar [[r.Vulkan.UseRealUBs:0		; Required until we fix HLR fall-out]]
[2019.07.27-02.45.17:149][  0]LogInit: Going up to parent DeviceProfile []
[2019.07.27-02.45.17:149][  0]LogConfig: Applying CVar settings from Section [ViewDistanceQuality@3] File [C:/Users/Galar/Desktop/Repos Git/Proyecto_1/Nivel_1/Saved/Config/Windows/Scalability.ini]
[2019.07.27-02.45.17:149][  0]LogConfig: Setting CVar [[r.SkeletalMeshLODBias:0]]
[2019.07.27-02.45.17:149][  0]LogConfig: Setting CVar [[r.ViewDistanceScale:1.0]]
[2019.07.27-02.45.17:149][  0]LogConfig: Applying CVar settings from Section [AntiAliasingQuality@3] File [C:/Users/Galar/Desktop/Repos Git/Proyecto_1/Nivel_1/Saved/Config/Windows/Scalability.ini]
[2019.07.27-02.45.17:149][  0]LogConfig: Setting CVar [[r.PostProcessAAQuality:4]]
[2019.07.27-02.45.17:149][  0]LogConfig: Applying CVar settings from Section [ShadowQuality@3] File [C:/Users/Galar/Desktop/Repos Git/Proyecto_1/Nivel_1/Saved/Config/Windows/Scalability.ini]
[2019.07.27-02.45.17:149][  0]LogConfig: Setting CVar [[r.LightFunctionQuality:1]]
[2019.07.27-02.45.17:149][  0]LogConfig: Setting CVar [[r.ShadowQuality:5]]
[2019.07.27-02.45.17:149][  0]LogConfig: Setting CVar [[r.Shadow.CSM.MaxCascades:10]]
[2019.07.27-02.45.17:150][  0]LogConfig: Setting CVar [[r.Shadow.MaxResolution:2048]]
[2019.07.27-02.45.17:150][  0]LogConfig: Setting CVar [[r.Shadow.MaxCSMResolution:2048]]
[2019.07.27-02.45.17:150][  0]LogConfig: Setting CVar [[r.Shadow.RadiusThreshold:0.01]]
[2019.07.27-02.45.17:150][  0]LogConfig: Setting CVar [[r.Shadow.DistanceScale:1.0]]
[2019.07.27-02.45.17:150][  0]LogConfig: Setting CVar [[r.Shadow.CSM.TransitionScale:1.0]]
[2019.07.27-02.45.17:150][  0]LogConfig: Setting CVar [[r.Shadow.PreShadowResolutionFactor:1.0]]
[2019.07.27-02.45.17:150][  0]LogConfig: Setting CVar [[r.DistanceFieldShadowing:1]]
[2019.07.27-02.45.17:150][  0]LogConfig: Setting CVar [[r.DistanceFieldAO:1]]
[2019.07.27-02.45.17:150][  0]LogConfig: Setting CVar [[r.AOQuality:2]]
[2019.07.27-02.45.17:150][  0]LogConfig: Setting CVar [[r.VolumetricFog:1]]
[2019.07.27-02.45.17:150][  0]LogConfig: Setting CVar [[r.VolumetricFog.GridPixelSize:8]]
[2019.07.27-02.45.17:150][  0]LogConfig: Setting CVar [[r.VolumetricFog.GridSizeZ:128]]
[2019.07.27-02.45.17:150][  0]LogConfig: Setting CVar [[r.VolumetricFog.HistoryMissSupersampleCount:4]]
[2019.07.27-02.45.17:150][  0]LogConfig: Setting CVar [[r.LightMaxDrawDistanceScale:1]]
[2019.07.27-02.45.17:150][  0]LogConfig: Setting CVar [[r.CapsuleShadows:1]]
[2019.07.27-02.45.17:150][  0]LogConfig: Applying CVar settings from Section [PostProcessQuality@3] File [C:/Users/Galar/Desktop/Repos Git/Proyecto_1/Nivel_1/Saved/Config/Windows/Scalability.ini]
[2019.07.27-02.45.17:150][  0]LogConfig: Setting CVar [[r.MotionBlurQuality:4]]
[2019.07.27-02.45.17:150][  0]LogConfig: Setting CVar [[r.AmbientOcclusionMipLevelFactor:0.4]]
[2019.07.27-02.45.17:150][  0]LogConfig: Setting CVar [[r.AmbientOcclusionMaxQuality:100]]
[2019.07.27-02.45.17:150][  0]LogConfig: Setting CVar [[r.AmbientOcclusionLevels:-1]]
[2019.07.27-02.45.17:150][  0]LogConfig: Setting CVar [[r.AmbientOcclusionRadiusScale:1.0]]
[2019.07.27-02.45.17:150][  0]LogConfig: Setting CVar [[r.DepthOfFieldQuality:2]]
[2019.07.27-02.45.17:150][  0]LogConfig: Setting CVar [[r.RenderTargetPoolMin:400]]
[2019.07.27-02.45.17:150][  0]LogConfig: Setting CVar [[r.LensFlareQuality:2]]
[2019.07.27-02.45.17:150][  0]LogConfig: Setting CVar [[r.SceneColorFringeQuality:1]]
[2019.07.27-02.45.17:150][  0]LogConfig: Setting CVar [[r.EyeAdaptationQuality:2]]
[2019.07.27-02.45.17:150][  0]LogConfig: Setting CVar [[r.BloomQuality:5]]
[2019.07.27-02.45.17:150][  0]LogConfig: Setting CVar [[r.FastBlurThreshold:100]]
[2019.07.27-02.45.17:150][  0]LogConfig: Setting CVar [[r.Upscale.Quality:3]]
[2019.07.27-02.45.17:150][  0]LogConfig: Setting CVar [[r.Tonemapper.GrainQuantization:1]]
[2019.07.27-02.45.17:150][  0]LogConfig: Setting CVar [[r.LightShaftQuality:1]]
[2019.07.27-02.45.17:151][  0]LogConfig: Setting CVar [[r.Filter.SizeScale:1]]
[2019.07.27-02.45.17:151][  0]LogConfig: Setting CVar [[r.Tonemapper.Quality:5]]
[2019.07.27-02.45.17:151][  0]LogConfig: Setting CVar [[r.DOF.Gather.AccumulatorQuality:1        ; higher gathering accumulator quality]]
[2019.07.27-02.45.17:151][  0]LogConfig: Setting CVar [[r.DOF.Gather.PostfilterMethod:1          ; Median3x3 postfilering method]]
[2019.07.27-02.45.17:151][  0]LogConfig: Setting CVar [[r.DOF.Gather.EnableBokehSettings:0       ; no bokeh simulation when gathering]]
[2019.07.27-02.45.17:151][  0]LogConfig: Setting CVar [[r.DOF.Gather.RingCount:4                 ; medium number of samples when gathering]]
[2019.07.27-02.45.17:151][  0]LogConfig: Setting CVar [[r.DOF.Scatter.ForegroundCompositing:1    ; additive foreground scattering]]
[2019.07.27-02.45.17:151][  0]LogConfig: Setting CVar [[r.DOF.Scatter.BackgroundCompositing:2    ; additive background scattering]]
[2019.07.27-02.45.17:151][  0]LogConfig: Setting CVar [[r.DOF.Scatter.EnableBokehSettings:1      ; bokeh simulation when scattering]]
[2019.07.27-02.45.17:151][  0]LogConfig: Setting CVar [[r.DOF.Scatter.MaxSpriteRatio:0.1         ; only a maximum of 10% of scattered bokeh]]
[2019.07.27-02.45.17:151][  0]LogConfig: Setting CVar [[r.DOF.Recombine.Quality:1                ; cheap slight out of focus]]
[2019.07.27-02.45.17:151][  0]LogConfig: Setting CVar [[r.DOF.Recombine.EnableBokehSettings:0    ; no bokeh simulation on slight out of focus]]
[2019.07.27-02.45.17:151][  0]LogConfig: Setting CVar [[r.DOF.TemporalAAQuality:1                ; more stable temporal accumulation]]
[2019.07.27-02.45.17:151][  0]LogConfig: Setting CVar [[r.DOF.Kernel.MaxForegroundRadius:0.025]]
[2019.07.27-02.45.17:151][  0]LogConfig: Setting CVar [[r.DOF.Kernel.MaxBackgroundRadius:0.025]]
[2019.07.27-02.45.17:151][  0]LogConfig: Applying CVar settings from Section [TextureQuality@3] File [C:/Users/Galar/Desktop/Repos Git/Proyecto_1/Nivel_1/Saved/Config/Windows/Scalability.ini]
[2019.07.27-02.45.17:151][  0]LogConfig: Setting CVar [[r.Streaming.MipBias:0]]
[2019.07.27-02.45.17:151][  0]LogConfig: Setting CVar [[r.Streaming.AmortizeCPUToGPUCopy:0]]
[2019.07.27-02.45.17:151][  0]LogConfig: Setting CVar [[r.Streaming.MaxNumTexturesToStreamPerFrame:0]]
[2019.07.27-02.45.17:151][  0]LogConfig: Setting CVar [[r.Streaming.Boost:1]]
[2019.07.27-02.45.17:151][  0]LogConfig: Setting CVar [[r.MaxAnisotropy:8]]
[2019.07.27-02.45.17:151][  0]LogConfig: Setting CVar [[r.Streaming.LimitPoolSizeToVRAM:0]]
[2019.07.27-02.45.17:151][  0]LogConfig: Setting CVar [[r.Streaming.PoolSize:1000]]
[2019.07.27-02.45.17:151][  0]LogConfig: Setting CVar [[r.Streaming.MaxEffectiveScreenSize:0]]
[2019.07.27-02.45.17:151][  0]LogConfig: Applying CVar settings from Section [EffectsQuality@3] File [C:/Users/Galar/Desktop/Repos Git/Proyecto_1/Nivel_1/Saved/Config/Windows/Scalability.ini]
[2019.07.27-02.45.17:151][  0]LogConfig: Setting CVar [[r.TranslucencyLightingVolumeDim:64]]
[2019.07.27-02.45.17:151][  0]LogConfig: Setting CVar [[r.RefractionQuality:2]]
[2019.07.27-02.45.17:151][  0]LogConfig: Setting CVar [[r.SSR.Quality:3]]
[2019.07.27-02.45.17:151][  0]LogConfig: Setting CVar [[r.SceneColorFormat:4]]
[2019.07.27-02.45.17:151][  0]LogConfig: Setting CVar [[r.DetailMode:2]]
[2019.07.27-02.45.17:151][  0]LogConfig: Setting CVar [[r.TranslucencyVolumeBlur:1]]
[2019.07.27-02.45.17:151][  0]LogConfig: Setting CVar [[r.MaterialQualityLevel:1 ; High quality]]
[2019.07.27-02.45.17:151][  0]LogConfig: Setting CVar [[r.SSS.Scale:1]]
[2019.07.27-02.45.17:152][  0]LogConfig: Setting CVar [[r.SSS.SampleSet:2]]
[2019.07.27-02.45.17:152][  0]LogConfig: Setting CVar [[r.SSS.Quality:1]]
[2019.07.27-02.45.17:152][  0]LogConfig: Setting CVar [[r.SSS.HalfRes:1]]
[2019.07.27-02.45.17:152][  0]LogConfig: Setting CVar [[r.EmitterSpawnRateScale:1.0]]
[2019.07.27-02.45.17:152][  0]LogConfig: Setting CVar [[r.ParticleLightQuality:2]]
[2019.07.27-02.45.17:152][  0]LogConfig: Applying CVar settings from Section [FoliageQuality@3] File [C:/Users/Galar/Desktop/Repos Git/Proyecto_1/Nivel_1/Saved/Config/Windows/Scalability.ini]
[2019.07.27-02.45.17:152][  0]LogConfig: Setting CVar [[foliage.DensityScale:1.0]]
[2019.07.27-02.45.17:152][  0]LogConfig: Setting CVar [[grass.DensityScale:1.0]]
[2019.07.27-02.45.17:152][  0]LogConfig: Applying CVar settings from Section [Startup] File [../../../Engine/Config/ConsoleVariables.ini]
[2019.07.27-02.45.17:152][  0]LogConfig: Setting CVar [[net.UseAdaptiveNetUpdateFrequency:0]]
[2019.07.27-02.45.17:152][  0]LogConfig: Setting CVar [[p.chaos.AllowCreatePhysxBodies:1]]
[2019.07.27-02.45.17:152][  0]LogConfig: Applying CVar settings from Section [ConsoleVariables] File [C:/Users/Galar/Desktop/Repos Git/Proyecto_1/Nivel_1/Saved/Config/Windows/Engine.ini]
[2019.07.27-02.45.17:152][  0]LogInit: Computer: DESKTOP-246MP68
[2019.07.27-02.45.17:152][  0]LogInit: User: Galar
[2019.07.27-02.45.17:152][  0]LogInit: CPU Page size=4096, Cores=6
[2019.07.27-02.45.17:152][  0]LogInit: High frequency timer resolution =3.314090 MHz
[2019.07.27-02.45.17:152][  0]LogMemory: Memory total: Physical=7.9GB (8GB approx)
[2019.07.27-02.45.17:152][  0]LogMemory: Platform Memory Stats for Windows
[2019.07.27-02.45.17:152][  0]LogMemory: Process Physical Memory: 97.29 MB used, 97.29 MB peak
[2019.07.27-02.45.17:152][  0]LogMemory: Process Virtual Memory: 89.73 MB used, 89.73 MB peak
[2019.07.27-02.45.17:152][  0]LogMemory: Physical Memory: 4386.21 MB used,  3737.54 MB free, 8123.75 MB total
[2019.07.27-02.45.17:152][  0]LogMemory: Virtual Memory: 4672.53 MB used,  134213056.00 MB free, 134217728.00 MB total
[2019.07.27-02.45.17:170][  0]LogInit: Using OS detected language (es-MX).
[2019.07.27-02.45.17:170][  0]LogInit: Using OS detected locale (es-419).
[2019.07.27-02.45.17:171][  0]LogTextLocalizationResource: LocRes '../../../Engine/Content/Localization/Editor/es-MX/Editor.locres' could not be opened for reading!
[2019.07.27-02.45.17:171][  0]LogTextLocalizationResource: LocRes '../../../Engine/Content/Localization/EditorTutorials/es-MX/EditorTutorials.locres' could not be opened for reading!
[2019.07.27-02.45.17:171][  0]LogTextLocalizationResource: LocRes '../../../Engine/Content/Localization/Keywords/es-MX/Keywords.locres' could not be opened for reading!
[2019.07.27-02.45.17:171][  0]LogTextLocalizationResource: LocRes '../../../Engine/Content/Localization/Category/es-MX/Category.locres' could not be opened for reading!
[2019.07.27-02.45.17:171][  0]LogTextLocalizationResource: LocRes '../../../Engine/Content/Localization/ToolTips/es-MX/ToolTips.locres' could not be opened for reading!
[2019.07.27-02.45.17:171][  0]LogTextLocalizationResource: LocRes '../../../Engine/Content/Localization/PropertyNames/es-MX/PropertyNames.locres' could not be opened for reading!
[2019.07.27-02.45.17:171][  0]LogTextLocalizationResource: LocRes '../../../Engine/Content/Localization/Engine/es-MX/Engine.locres' could not be opened for reading!
[2019.07.27-02.45.17:171][  0]LogTextLocalizationResource: LocRes '../../../Engine/Plugins/Online/Android/OnlineSubsystemGooglePlay/Content/Localization/OnlineSubsystemGooglePlay/es-MX/OnlineSubsystemGooglePlay.locres' could not be opened for reading!
[2019.07.27-02.45.17:171][  0]LogTextLocalizationResource: LocRes '../../../Engine/Plugins/Online/IOS/OnlineSubsystemIOS/Content/Localization/OnlineSubsystemIOS/es-MX/OnlineSubsystemIOS.locres' could not be opened for reading!
[2019.07.27-02.45.17:172][  0]LogTextLocalizationResource: LocRes '../../../Engine/Plugins/Online/OnlineSubsystemUtils/Content/Localization/OnlineSubsystemUtils/es-MX/OnlineSubsystemUtils.locres' could not be opened for reading!
[2019.07.27-02.45.17:213][  0]LogInit: Setting process to per monitor DPI aware
[2019.07.27-02.45.17:240][  0]LogSlate: New Slate User Created.  User Index 0, Is Virtual User: 0
[2019.07.27-02.45.17:240][  0]LogSlate: Slate User Registered.  User Index 0, Is Virtual User: 0
[2019.07.27-02.45.17:430][  0]LogHMD: Failed to initialize OpenVR with code 110
[2019.07.27-02.45.17:430][  0]LogD3D11RHI: D3D11 adapters:
[2019.07.27-02.45.17:477][  0]LogD3D11RHI:    0. 'Radeon RX Vega' (Feature Level 11_0)
[2019.07.27-02.45.17:477][  0]LogD3D11RHI:       8120/0/4061 MB DedicatedVideo/DedicatedSystem/SharedSystem, Outputs:1, VendorId:0x1002
[2019.07.27-02.45.17:479][  0]LogD3D11RHI:    1. 'Microsoft Basic Render Driver' (Feature Level 11_0)
[2019.07.27-02.45.17:479][  0]LogD3D11RHI:       0/0/4061 MB DedicatedVideo/DedicatedSystem/SharedSystem, Outputs:0, VendorId:0x1414
[2019.07.27-02.45.17:479][  0]LogD3D11RHI: Chosen D3D11 Adapter: 0
[2019.07.27-02.45.17:486][  0]LogD3D11RHI: Creating new Direct3DDevice
[2019.07.27-02.45.17:486][  0]LogD3D11RHI:     GPU DeviceId: 0x687f (for the marketing name, search the web for "GPU Device Id")
[2019.07.27-02.45.17:486][  0]LogWindows: EnumDisplayDevices:
[2019.07.27-02.45.17:486][  0]LogWindows:    0. 'Radeon RX Vega' (P:1 D:1)
[2019.07.27-02.45.17:487][  0]LogWindows:    1. 'Radeon RX Vega' (P:0 D:0)
[2019.07.27-02.45.17:487][  0]LogWindows:    2. 'Radeon RX Vega' (P:0 D:0)
[2019.07.27-02.45.17:487][  0]LogWindows:    3. 'Radeon RX Vega' (P:0 D:0)
[2019.07.27-02.45.17:488][  0]LogWindows:    4. 'Radeon RX Vega' (P:0 D:0)
[2019.07.27-02.45.17:488][  0]LogWindows:    5. 'Radeon RX Vega' (P:0 D:0)
[2019.07.27-02.45.17:488][  0]LogWindows:    6. 'Radeon RX Vega' (P:0 D:0)
[2019.07.27-02.45.17:488][  0]LogWindows:    7. 'Radeon RX Vega' (P:0 D:0)
[2019.07.27-02.45.17:489][  0]LogWindows: DebugString: FoundDriverCount:8 
[2019.07.27-02.45.17:489][  0]LogD3D11RHI:     Adapter Name: Radeon RX Vega
[2019.07.27-02.45.17:489][  0]LogD3D11RHI:   Driver Version: Adrenalin 2019 19.7.2 (internal:26.20.13001.16003, unified:26.20.13001.16003)
[2019.07.27-02.45.17:489][  0]LogD3D11RHI:      Driver Date: 7-11-2019
[2019.07.27-02.45.17:489][  0]LogRHI: Texture pool is 5684 MB (70% of 8120 MB)
[2019.07.27-02.45.17:553][  0]LogD3D11RHI: Async texture creation enabled
[2019.07.27-02.45.17:563][  0]LogRendererCore: FGlobalReadBuffer::InitRHI
[2019.07.27-02.45.17:564][  0]LogRendererCore: FGlobalReadBuffer::InitRHI
[2019.07.27-02.45.17:564][  0]LogRendererCore: FGlobalReadBuffer::InitRHI
[2019.07.27-02.45.17:571][  0]LogD3D11RHI: GPU Timing Frequency: 27.000000 (Debug: 2 1)
[2019.07.27-02.45.17:869][  0]LogTemp: Display: Module 'AllDesktopTargetPlatform' loaded TargetPlatform 'AllDesktop'
[2019.07.27-02.45.17:889][  0]LogTemp: Display: Module 'MacClientTargetPlatform' loaded TargetPlatform 'MacClient'
[2019.07.27-02.45.17:907][  0]LogTemp: Display: Module 'MacNoEditorTargetPlatform' loaded TargetPlatform 'MacNoEditor'
[2019.07.27-02.45.17:920][  0]LogTemp: Display: Module 'MacServerTargetPlatform' loaded TargetPlatform 'MacServer'
[2019.07.27-02.45.17:958][  0]LogTemp: Display: Module 'MacTargetPlatform' loaded TargetPlatform 'Mac'
[2019.07.27-02.45.17:974][  0]LogTemp: Display: Module 'WindowsClientTargetPlatform' loaded TargetPlatform 'WindowsClient'
[2019.07.27-02.45.17:987][  0]LogTemp: Display: Module 'WindowsNoEditorTargetPlatform' loaded TargetPlatform 'WindowsNoEditor'
[2019.07.27-02.45.18:001][  0]LogTemp: Display: Module 'WindowsServerTargetPlatform' loaded TargetPlatform 'WindowsServer'
[2019.07.27-02.45.18:007][  0]LogTemp: Display: Module 'WindowsTargetPlatform' loaded TargetPlatform 'Windows'
[2019.07.27-02.45.18:128][  0]LogTemp: Display: Module 'AndroidTargetPlatform' loaded TargetPlatform 'Android'
[2019.07.27-02.45.18:128][  0]LogTemp: Display: Module 'AndroidTargetPlatform' loaded TargetPlatform 'Android_ASTC'
[2019.07.27-02.45.18:128][  0]LogTemp: Display: Module 'AndroidTargetPlatform' loaded TargetPlatform 'Android_ATC'
[2019.07.27-02.45.18:128][  0]LogTemp: Display: Module 'AndroidTargetPlatform' loaded TargetPlatform 'Android_DXT'
[2019.07.27-02.45.18:128][  0]LogTemp: Display: Module 'AndroidTargetPlatform' loaded TargetPlatform 'Android_ETC1'
[2019.07.27-02.45.18:128][  0]LogTemp: Display: Module 'AndroidTargetPlatform' loaded TargetPlatform 'Android_ETC1a'
[2019.07.27-02.45.18:128][  0]LogTemp: Display: Module 'AndroidTargetPlatform' loaded TargetPlatform 'Android_ETC2'
[2019.07.27-02.45.18:128][  0]LogTemp: Display: Module 'AndroidTargetPlatform' loaded TargetPlatform 'Android_PVRTC'
[2019.07.27-02.45.18:128][  0]LogTemp: Display: Module 'AndroidTargetPlatform' loaded TargetPlatform 'AndroidClient'
[2019.07.27-02.45.18:128][  0]LogTemp: Display: Module 'AndroidTargetPlatform' loaded TargetPlatform 'Android_ASTCClient'
[2019.07.27-02.45.18:128][  0]LogTemp: Display: Module 'AndroidTargetPlatform' loaded TargetPlatform 'Android_ATCClient'
[2019.07.27-02.45.18:128][  0]LogTemp: Display: Module 'AndroidTargetPlatform' loaded TargetPlatform 'Android_DXTClient'
[2019.07.27-02.45.18:128][  0]LogTemp: Display: Module 'AndroidTargetPlatform' loaded TargetPlatform 'Android_ETC1Client'
[2019.07.27-02.45.18:128][  0]LogTemp: Display: Module 'AndroidTargetPlatform' loaded TargetPlatform 'Android_ETC1aClient'
[2019.07.27-02.45.18:128][  0]LogTemp: Display: Module 'AndroidTargetPlatform' loaded TargetPlatform 'Android_ETC2Client'
[2019.07.27-02.45.18:128][  0]LogTemp: Display: Module 'AndroidTargetPlatform' loaded TargetPlatform 'Android_PVRTCClient'
[2019.07.27-02.45.18:128][  0]LogTemp: Display: Module 'AndroidTargetPlatform' loaded TargetPlatform 'Android_Multi'
[2019.07.27-02.45.18:128][  0]LogTemp: Display: Module 'AndroidTargetPlatform' loaded TargetPlatform 'Android_MultiClient'
[2019.07.27-02.45.18:130][  0]LogTemp: Display: Module 'HTML5TargetPlatform' loaded TargetPlatform 'HTML5'
[2019.07.27-02.45.18:200][  0]LogTemp: Display: Module 'IOSTargetPlatform' loaded TargetPlatform 'IOSClient'
[2019.07.27-02.45.18:200][  0]LogTemp: Display: Module 'IOSTargetPlatform' loaded TargetPlatform 'IOS'
[2019.07.27-02.45.18:226][  0]LogTemp: Display: Module 'TVOSTargetPlatform' loaded TargetPlatform 'TVOSClient'
[2019.07.27-02.45.18:226][  0]LogTemp: Display: Module 'TVOSTargetPlatform' loaded TargetPlatform 'TVOS'
[2019.07.27-02.45.18:239][  0]LogTemp: Display: Module 'LinuxClientTargetPlatform' loaded TargetPlatform 'LinuxClient'
[2019.07.27-02.45.18:252][  0]LogTemp: Display: Module 'LinuxNoEditorTargetPlatform' loaded TargetPlatform 'LinuxNoEditor'
[2019.07.27-02.45.18:265][  0]LogTemp: Display: Module 'LinuxServerTargetPlatform' loaded TargetPlatform 'LinuxServer'
[2019.07.27-02.45.18:279][  0]LogTemp: Display: Module 'LinuxTargetPlatform' loaded TargetPlatform 'Linux'
[2019.07.27-02.45.18:326][  0]LogTemp: Display: Module 'LuminTargetPlatform' loaded TargetPlatform 'Lumin'
[2019.07.27-02.45.18:326][  0]LogTemp: Display: Module 'LuminTargetPlatform' loaded TargetPlatform 'LuminClient'
[2019.07.27-02.45.18:326][  0]LogTargetPlatformManager: Display: Building Assets For Windows
[2019.07.27-02.45.18:333][  0]LogAudioDebug: Display: Lib vorbis DLL was dynamically loaded.
[2019.07.27-02.45.18:378][  0]LogShaderCompilers: Guid format shader working directory is -5 characters bigger than the processId version (C:/Users/Galar/Desktop/Repos Git/Proyecto_1/Nivel_1/Intermediate/Shaders/WorkingDirectory/9092/).
[2019.07.27-02.45.18:378][  0]LogShaderCompilers: Cleaned the shader compiler working directory 'C:/Users/Galar/AppData/Local/Temp/UnrealShaderWorkingDir/AE9DE3FF4290E4517564B6A0A7545D40/'.
[2019.07.27-02.45.18:382][  0]LogXGEController: Cannot use XGE Controller as Incredibuild is not installed on this machine.
[2019.07.27-02.45.18:382][  0]LogShaderCompilers: Cannot use XGE Shader Compiler as Incredibuild is not installed on this machine.
[2019.07.27-02.45.18:382][  0]LogShaderCompilers: Display: Using Local Shader Compiler.
[2019.07.27-02.45.18:968][  0]LogDerivedDataCache: Display: Max Cache Size: 512 MB
[2019.07.27-02.45.19:022][  0]LogDerivedDataCache: Loaded boot cache 0.05s 73MB C:/Users/Galar/AppData/Local/UnrealEngine/4.22/DerivedDataCache/Boot.ddc.
[2019.07.27-02.45.19:023][  0]LogDerivedDataCache: Display: Loaded Boot cache: C:/Users/Galar/AppData/Local/UnrealEngine/4.22/DerivedDataCache/Boot.ddc
[2019.07.27-02.45.19:023][  0]LogDerivedDataCache: FDerivedDataBackendGraph:  Pak pak cache file C:/Users/Galar/Desktop/Repos Git/Proyecto_1/Nivel_1/DerivedDataCache/DDC.ddp not found, will not use a pak cache.
[2019.07.27-02.45.19:023][  0]LogDerivedDataCache: Unable to find inner node Pak for hierarchical cache Hierarchy.
[2019.07.27-02.45.19:023][  0]LogDerivedDataCache: FDerivedDataBackendGraph:  CompressedPak pak cache file C:/Users/Galar/Desktop/Repos Git/Proyecto_1/Nivel_1/DerivedDataCache/Compressed.ddp not found, will not use a pak cache.
[2019.07.27-02.45.19:023][  0]LogDerivedDataCache: Unable to find inner node CompressedPak for hierarchical cache Hierarchy.
[2019.07.27-02.45.19:035][  0]LogDerivedDataCache: Display: Pak cache opened for reading ../../../Engine/DerivedDataCache/Compressed.ddp.
[2019.07.27-02.45.19:035][  0]LogDerivedDataCache: FDerivedDataBackendGraph:  EnterprisePak pak cache file ../../../Enterprise/DerivedDataCache/Compressed.ddp not found, will not use a pak cache.
[2019.07.27-02.45.19:035][  0]LogDerivedDataCache: Unable to find inner node EnterprisePak for hierarchical cache Hierarchy.
[2019.07.27-02.45.19:048][  0]LogDerivedDataCache: Using Local data cache path C:/Users/Galar/AppData/Local/UnrealEngine/Common/DerivedDataCache: Writable
[2019.07.27-02.45.19:048][  0]LogDerivedDataCache: Shared data cache path not found in *engine.ini, will not use an Shared cache.
[2019.07.27-02.45.19:048][  0]LogDerivedDataCache: Unable to find inner node Shared for hierarchical cache Hierarchy.
[2019.07.27-02.45.19:103][  0]LogMaterial: Verifying Global Shaders for PCD3D_SM5
[2019.07.27-02.45.19:104][  0]LogSlate: Using FreeType 2.6.0
[2019.07.27-02.45.19:104][  0]LogSlate: SlateFontServices - WITH_FREETYPE: 1, WITH_HARFBUZZ: 1
[2019.07.27-02.45.19:195][  0]LogAssetRegistry: FAssetRegistry took 0.0374 seconds to start up
[2019.07.27-02.45.19:636][  0]LogInit: Selected Device Profile: [Windows]
[2019.07.27-02.45.19:787][  0]LogMeshReduction: Using QuadricMeshReduction for automatic static mesh reduction
[2019.07.27-02.45.19:787][  0]LogMeshReduction: Using SimplygonMeshReduction for automatic skeletal mesh reduction
[2019.07.27-02.45.19:787][  0]LogMeshReduction: Using ProxyLODMeshReduction for automatic mesh merging
[2019.07.27-02.45.19:787][  0]LogMeshReduction: No distributed automatic mesh merging module available
[2019.07.27-02.45.19:787][  0]LogMeshMerging: No distributed automatic mesh merging module available
[2019.07.27-02.45.19:807][  0]LogNetVersion: Nivel_1 1.0.0, NetCL: 5660361, EngineNetVer: 10, GameNetVer: 0 (Checksum: 3194423942)
[2019.07.27-02.45.20:289][  0]LogPackageLocalizationCache: Processed 10 localized package path(s) for 2 prioritized culture(s) in 0.093847 seconds
[2019.07.27-02.45.20:297][  0]LogUObjectArray: 42205 objects as part of root set at end of initial load.
[2019.07.27-02.45.20:297][  0]LogUObjectAllocator: 7325032 out of 0 bytes used by permanent object pool.
[2019.07.27-02.45.20:297][  0]LogUObjectArray: CloseDisregardForGC: 0/0 objects in disregard for GC pool
[2019.07.27-02.45.21:158][  0]LogTcpMessaging: Initializing TcpMessaging bridge
[2019.07.27-02.45.21:189][  0]LogUdpMessaging: Initializing bridge on interface 0.0.0.0:0 to multicast group 230.0.0.1:6666.
[2019.07.27-02.45.21:318][  0]SourceControl: El control de código fuente está desactivado
[2019.07.27-02.45.21:318][  0]SourceControl: El control de código fuente está desactivado
[2019.07.27-02.45.21:319][  0]SourceControl: El control de código fuente está desactivado
[2019.07.27-02.45.21:320][  0]SourceControl: El control de código fuente está desactivado
[2019.07.27-02.45.21:330][  0]LogVSAccessor: Display: Unable to create Visual Studio setup instance: 80040154
[2019.07.27-02.45.21:330][  0]LogVSAccessor: Display: Unable to create Visual Studio setup instance: 80040154
[2019.07.27-02.45.21:421][  0]LogAndroidPermission: UAndroidPermissionCallbackProxy::GetInstance
[2019.07.27-02.45.21:499][  0]LogOcInput: OculusInput pre-init called
[2019.07.27-02.45.22:169][  0]LogEngine: Initializing Engine...
[2019.07.27-02.45.22:170][  0]LogHMD: Failed to initialize OpenVR with code 110
[2019.07.27-02.45.22:173][  0]LogStats: UGameplayTagsManager::InitializeManager -  0.000 s
[2019.07.27-02.45.22:397][  0]LogInit: Initializing FReadOnlyCVARCache
[2019.07.27-02.45.22:407][  0]LogAIModule: Creating AISystem for world Untitled
[2019.07.27-02.45.22:437][  0]LogInit: XAudio2 using 'Auriculares (2- Dispositivo de High Definition Audio)' : 2 channels at 48 kHz using 16 bits per sample (channel mask 0x3)
[2019.07.27-02.45.22:455][  0]LogInit: FAudioDevice initialized.
[2019.07.27-02.45.22:455][  0]LogNetVersion: Set ProjectVersion to 1.0.0.0. Version Checksum will be recalculated on next use.
[2019.07.27-02.45.22:516][  0]LogDerivedDataCache: Saved boot cache 0.06s 73MB C:/Users/Galar/AppData/Local/UnrealEngine/4.22/DerivedDataCache/Boot.ddc.
[2019.07.27-02.45.22:530][  0]LogInit: Texture streaming: Enabled
[2019.07.27-02.45.22:544][  0]LogEngineSessionManager: EngineSessionManager initialized
[2019.07.27-02.45.22:568][  0]LogInit: Transaction tracking system initialized
[2019.07.27-02.45.22:587][  0]BlueprintLog: New page: Cargar el editor
[2019.07.27-02.45.22:692][  0]LocalizationService: Localization service is disabled
[2019.07.27-02.45.22:843][  0]LogVSAccessor: Display: Unable to create Visual Studio setup instance: 80040154
[2019.07.27-02.45.22:844][  0]LogVSAccessor: Display: Unable to create Visual Studio setup instance: 80040154
[2019.07.27-02.45.22:993][  0]LogFileCache: Scanning file cache for directory 'C:/Users/Galar/Desktop/Repos Git/Proyecto_1/Nivel_1/Content/' took 0.01s
[2019.07.27-02.45.22:993][  0]LogCook: Display: Max memory allowance for cook 16384mb min free memory 0mb
[2019.07.27-02.45.22:993][  0]LogCook: Display: Mobile HDR setting 1
[2019.07.27-02.45.23:166][  0]SourceControl: El control de código fuente está desactivado
[2019.07.27-02.45.23:167][  0]Cmd: MAP LOAD FILE="../../../Engine/Content/Maps/Templates/Template_Default.umap" TEMPLATE=1 SHOWPROGRESS=1 FEATURELEVEL=3
[2019.07.27-02.45.23:167][  0]LightingResults: New page: Diseñar la iluminación
[2019.07.27-02.45.23:169][  0]MapCheck: New page: Revisión del mapa
[2019.07.27-02.45.23:170][  0]LightingResults: New page: Diseñar la iluminación
[2019.07.27-02.45.23:207][  0]LogUObjectHash: Compacting FUObjectHashTables data took   1.58ms
[2019.07.27-02.45.23:279][  0]LogAIModule: Creating AISystem for world Untitled_1
[2019.07.27-02.45.23:286][  0]LogEditorServer: Finished looking for orphan Actors (0.000 secs)
[2019.07.27-02.45.23:330][  0]LogUObjectHash: Compacting FUObjectHashTables data took   1.87ms
[2019.07.27-02.45.23:330][  0]Cmd: MAP CHECKDEP NOCLEARLOG
[2019.07.27-02.45.23:330][  0]MapCheck: Map check complete: 0 Error(s), 0 Warning(s), took 0.138ms to complete.
[2019.07.27-02.45.23:330][  0]LogFileHelpers: Loading map 'Template_Default' took 0.164
[2019.07.27-02.45.23:657][  0]LogSlate: Updating window title bar state: overlay mode, drag disabled, window buttons hidden, title bar hidden
[2019.07.27-02.45.23:674][  0]LogSlate: Updating window title bar state: overlay mode, drag disabled, window buttons hidden, title bar hidden
[2019.07.27-02.45.23:691][  0]LogSlate: Updating window title bar state: overlay mode, drag disabled, window buttons hidden, title bar hidden
[2019.07.27-02.45.23:698][  0]LogSlate: Updating window title bar state: overlay mode, drag disabled, window buttons hidden, title bar hidden
[2019.07.27-02.45.23:738][  0]LogCollectionManager: Loaded 0 collections in 0.001752 seconds
[2019.07.27-02.45.23:833][  0]LogFileCache: Scanning file cache for directory 'C:/Users/Galar/Desktop/Repos Git/Proyecto_1/Nivel_1/Saved/Collections/' took 0.01s
[2019.07.27-02.45.23:833][  0]LogFileCache: Scanning file cache for directory 'C:/Users/Galar/Desktop/Repos Git/Proyecto_1/Nivel_1/Content/Developers/Galar/Collections/' took 0.01s
[2019.07.27-02.45.23:833][  0]LogFileCache: Scanning file cache for directory 'C:/Users/Galar/Desktop/Repos Git/Proyecto_1/Nivel_1/Content/Collections/' took 0.01s
[2019.07.27-02.45.23:833][  0]LogCollectionManager: Rebuilt the GUID cache for 0 collections in 0.000001 seconds
[2019.07.27-02.45.23:858][  0]LogContentBrowser: Native class hierarchy populated in 0.0235 seconds. Added 2732 classes and 659 folders.
[2019.07.27-02.45.23:896][  0]LogContentBrowser: Native class hierarchy updated for 'WidgetCarousel' in 0.0005 seconds. Added 0 classes and 0 folders.
[2019.07.27-02.45.23:921][  0]LogPakFile: Registered encryption key '00000000000000000000000000000000': 0 pak files mounted, 0 remain pending
[2019.07.27-02.45.23:958][  0]LogPakFile: Registered encryption key '00000000000000000000000000000000': 0 pak files mounted, 0 remain pending
[2019.07.27-02.45.23:994][  0]LogPakFile: Registered encryption key '00000000000000000000000000000000': 0 pak files mounted, 0 remain pending
[2019.07.27-02.45.24:000][  0]LogPakFile: Registered encryption key '00000000000000000000000000000000': 0 pak files mounted, 0 remain pending
[2019.07.27-02.45.24:004][  0]LogPakFile: Registered encryption key '00000000000000000000000000000000': 0 pak files mounted, 0 remain pending
[2019.07.27-02.45.24:009][  0]LogPakFile: Registered encryption key '00000000000000000000000000000000': 0 pak files mounted, 0 remain pending
[2019.07.27-02.45.24:013][  0]LogPakFile: Registered encryption key '00000000000000000000000000000000': 0 pak files mounted, 0 remain pending
[2019.07.27-02.45.24:032][  0]LogPakFile: Registered encryption key '00000000000000000000000000000000': 0 pak files mounted, 0 remain pending
[2019.07.27-02.45.24:037][  0]LogPakFile: Registered encryption key '00000000000000000000000000000000': 0 pak files mounted, 0 remain pending
[2019.07.27-02.45.24:042][  0]LogPakFile: Registered encryption key '00000000000000000000000000000000': 0 pak files mounted, 0 remain pending
[2019.07.27-02.45.24:047][  0]LogPakFile: Registered encryption key '00000000000000000000000000000000': 0 pak files mounted, 0 remain pending
[2019.07.27-02.45.24:051][  0]LogPakFile: Registered encryption key '00000000000000000000000000000000': 0 pak files mounted, 0 remain pending
[2019.07.27-02.45.24:056][  0]LogPakFile: Registered encryption key '00000000000000000000000000000000': 0 pak files mounted, 0 remain pending
[2019.07.27-02.45.24:061][  0]LogPakFile: Registered encryption key '00000000000000000000000000000000': 0 pak files mounted, 0 remain pending
[2019.07.27-02.45.24:068][  0]LogPakFile: Registered encryption key '00000000000000000000000000000000': 0 pak files mounted, 0 remain pending
[2019.07.27-02.45.24:073][  0]LogPakFile: Registered encryption key '00000000000000000000000000000000': 0 pak files mounted, 0 remain pending
[2019.07.27-02.45.24:100][  0]LogPakFile: Registered encryption key '00000000000000000000000000000000': 0 pak files mounted, 0 remain pending
[2019.07.27-02.45.24:105][  0]LogPakFile: Registered encryption key '00000000000000000000000000000000': 0 pak files mounted, 0 remain pending
[2019.07.27-02.45.24:111][  0]LogPakFile: Registered encryption key '00000000000000000000000000000000': 0 pak files mounted, 0 remain pending
[2019.07.27-02.45.24:119][  0]LogPakFile: Registered encryption key '00000000000000000000000000000000': 0 pak files mounted, 0 remain pending
[2019.07.27-02.45.24:124][  0]LogPakFile: Registered encryption key '00000000000000000000000000000000': 0 pak files mounted, 0 remain pending
[2019.07.27-02.45.24:129][  0]LogPakFile: Registered encryption key '00000000000000000000000000000000': 0 pak files mounted, 0 remain pending
[2019.07.27-02.45.24:135][  0]LogPakFile: Registered encryption key '00000000000000000000000000000000': 0 pak files mounted, 0 remain pending
[2019.07.27-02.45.24:140][  0]LogPakFile: Registered encryption key '00000000000000000000000000000000': 0 pak files mounted, 0 remain pending
[2019.07.27-02.45.24:145][  0]LogPakFile: Registered encryption key '00000000000000000000000000000000': 0 pak files mounted, 0 remain pending
[2019.07.27-02.45.24:150][  0]LogPakFile: Registered encryption key '00000000000000000000000000000000': 0 pak files mounted, 0 remain pending
[2019.07.27-02.45.24:532][  0]LogContentBrowser: Native class hierarchy updated for 'AddContentDialog' in 0.0005 seconds. Added 0 classes and 0 folders.
[2019.07.27-02.45.24:589][  0]LogContentBrowser: Native class hierarchy updated for 'SceneOutliner' in 0.0005 seconds. Added 1 classes and 2 folders.
[2019.07.27-02.45.24:800][  0]LogSlate: Took 0.000196 seconds to synchronously load lazily loaded font '../../../Engine/Content/Slate/Fonts/Roboto-Regular.ttf' (155K)
[2019.07.27-02.45.24:805][  0]LogSlate: Took 0.000336 seconds to synchronously load lazily loaded font '../../../Engine/Content/Slate/Fonts/Roboto-Bold.ttf' (160K)
[2019.07.27-02.45.24:837][  0]LogSlate: Took 0.009093 seconds to synchronously load lazily loaded font '../../../Engine/Content/Editor/Slate/Fonts/FontAwesome.ttf' (139K)
[2019.07.27-02.45.25:081][  0]LogRenderer: Reallocating scene render targets to support 856x396 Format 10 NumSamples 1 (Frame:1).
[2019.07.27-02.45.25:426][  0]LogSlate: FSceneViewport::OnFocusLost() reason 2
[2019.07.27-02.45.25:508][  0]LogSlate: Window 'Tutoriales' being destroyed
[2019.07.27-02.45.25:541][  0]LogContentBrowser: Native class hierarchy updated for 'HierarchicalLODOutliner' in 0.0004 seconds. Added 0 classes and 0 folders.
[2019.07.27-02.45.25:541][  0]LogLoad: (Engine Initialization) Total time: 10.67 seconds
[2019.07.27-02.45.25:541][  0]LogLoad: (Engine Initialization) Total Blueprint compile time: 0.00 seconds
[2019.07.27-02.45.25:604][  0]LogAssetRegistry: Asset discovery search completed in 6.4329 seconds
[2019.07.27-02.45.25:611][  0]LogCollectionManager: Rebuilt the object cache for 0 collections in 0.000001 seconds (found 0 objects)
[2019.07.27-02.45.25:611][  0]LogCollectionManager: Fixed up redirectors for 0 collections in 0.000150 seconds (updated 0 objects)
[2019.07.27-02.45.25:617][  0]LogContentStreaming: Texture pool size now 1000 MB
[2019.07.27-02.45.32:736][686]LogSlate: FSceneViewport::OnFocusLost() reason 0
[2019.07.27-02.45.32:839][693]LogUObjectHash: Compacting FUObjectHashTables data took   1.16ms
